2023-10-03 18:31:39 DEBUG Server:18 - The server has been successfully started!
2023-10-03 18:31:39 DEBUG Server:20 - Waiting connection on port: 8084
2023-10-03 18:32:00 DEBUG Server:22 - New client connected to server!
2023-10-03 18:32:00 DEBUG Server:20 - Waiting connection on port: 8084
2023-10-03 18:33:51 DEBUG Server:18 - The server has been successfully started!
2023-10-03 18:33:51 DEBUG Server:20 - Waiting connection on port: 8084
2023-10-03 18:34:24 DEBUG Server:18 - The server has been successfully started!
2023-10-03 18:34:24 DEBUG Server:20 - Waiting connection on port: 8084
2023-10-03 18:34:37 DEBUG Server:22 - New client connected to server!
2023-10-03 18:34:37 DEBUG Server:20 - Waiting connection on port: 8084
2023-10-03 19:14:07 DEBUG Server:18 - The server has been successfully started!
2023-10-03 19:14:07 DEBUG Server:20 - Waiting connection on port: 8084
2023-10-03 19:14:17 DEBUG Server:22 - New client connected to server!
2023-10-03 19:14:17 DEBUG Server:20 - Waiting connection on port: 8084
2023-10-03 19:14:23 DEBUG Server:22 - New client connected to server!
2023-10-03 19:14:23 DEBUG Server:20 - Waiting connection on port: 8084
2023-10-03 19:14:24 DEBUG Server:22 - New client connected to server!
2023-10-03 19:14:24 DEBUG Server:20 - Waiting connection on port: 8084
2023-10-04 12:29:50 DEBUG Server:20 - The server has been successfully started!
2023-10-04 12:29:50 DEBUG Server:22 - Waiting connection on port: 8084
2023-10-04 12:30:00 DEBUG Server:24 - New client connected to server!
2023-10-04 12:30:00 DEBUG Server:22 - Waiting connection on port: 8084
2023-10-04 12:30:10 DEBUG Server:24 - New client connected to server!
2023-10-04 12:30:10 DEBUG Server:22 - Waiting connection on port: 8084
2023-10-04 15:36:38 DEBUG Server:24 - The server has been successfully started!
2023-10-04 15:36:38 DEBUG Server:26 - Waiting connection on port: 8084
2023-10-04 15:36:52 DEBUG Server:28 - New client connected to server!
2023-10-04 15:36:52 DEBUG Server:26 - Waiting connection on port: 8084
2023-10-04 15:38:24 DEBUG Server:28 - New client connected to server!
2023-10-04 15:38:24 DEBUG Server:26 - Waiting connection on port: 8084
2023-10-04 15:41:10 DEBUG Server:28 - New client connected to server!
2023-10-04 15:41:10 DEBUG Server:26 - Waiting connection on port: 8084
2023-10-04 15:41:41 DEBUG Server:28 - New client connected to server!
2023-10-04 15:41:41 DEBUG Server:26 - Waiting connection on port: 8084
2023-10-04 15:41:48 DEBUG Server:28 - New client connected to server!
2023-10-04 15:41:48 DEBUG Server:26 - Waiting connection on port: 8084
2023-10-04 15:45:17 DEBUG Server:44 - The server is closed
2023-10-04 15:45:38 DEBUG Server:24 - The server has been successfully started!
2023-10-04 15:45:38 DEBUG Server:26 - Waiting connection on port: 8084
2023-10-04 15:45:45 DEBUG Server:28 - New client connected to server!
2023-10-04 15:45:45 DEBUG Server:26 - Waiting connection on port: 8084
2023-10-04 15:51:09 DEBUG Server:28 - New client connected to server!
2023-10-04 15:51:09 DEBUG Server:26 - Waiting connection on port: 8084
2023-10-04 15:54:25 DEBUG Server:28 - New client connected to server!
2023-10-04 15:54:25 DEBUG Server:26 - Waiting connection on port: 8084
2023-10-04 15:57:08 DEBUG Server:28 - New client connected to server!
2023-10-04 15:57:08 DEBUG Server:26 - Waiting connection on port: 8084
2023-10-04 15:57:18 DEBUG Server:28 - New client connected to server!
2023-10-04 15:57:18 DEBUG Server:26 - Waiting connection on port: 8084
2023-10-04 15:59:11 DEBUG Server:44 - The server is closed
2023-10-04 15:59:18 DEBUG Server:24 - The server has been successfully started!
2023-10-04 15:59:18 DEBUG Server:26 - Waiting connection on port: 8084
2023-10-04 15:59:29 DEBUG Server:28 - New client connected to server!
2023-10-04 15:59:29 DEBUG Server:26 - Waiting connection on port: 8084
2023-10-04 16:02:37 DEBUG Server:44 - The server is closed
2023-10-04 16:02:47 DEBUG Server:24 - The server has been successfully started!
2023-10-04 16:02:47 DEBUG Server:26 - Waiting connection on port: 8084
2023-10-04 16:02:50 DEBUG Server:28 - New client connected to server!
2023-10-04 16:02:50 DEBUG Server:26 - Waiting connection on port: 8084
2023-10-04 16:03:08 DEBUG Server:28 - New client connected to server!
2023-10-04 16:03:08 DEBUG Server:26 - Waiting connection on port: 8084
2023-10-04 16:03:10 DEBUG Server:28 - New client connected to server!
2023-10-04 16:03:10 DEBUG Server:26 - Waiting connection on port: 8084
2023-10-04 16:03:56 DEBUG Server:44 - The server is closed
2023-10-04 16:27:50 DEBUG Server:24 - The server has been successfully started!
2023-10-04 16:27:50 DEBUG Server:26 - Waiting connection on port: 8084
2023-10-04 16:27:58 DEBUG Server:28 - New client connected to server!
2023-10-04 16:27:58 DEBUG Server:26 - Waiting connection on port: 8084
2023-10-04 16:28:31 DEBUG Server:28 - New client connected to server!
2023-10-04 16:28:31 DEBUG Server:26 - Waiting connection on port: 8084
2023-10-04 16:28:35 DEBUG Server:44 - The server is closed
2023-10-04 21:16:28 DEBUG Server:24 - The server has been successfully started!
2023-10-04 21:16:28 DEBUG Server:26 - Waiting connection on port: 8084
2023-10-04 21:16:34 DEBUG Server:28 - New client connected to server!
2023-10-04 21:16:34 DEBUG Server:26 - Waiting connection on port: 8084
2023-10-04 21:24:22 DEBUG Server:44 - The server is closed.
2023-10-04 21:24:29 DEBUG Server:24 - The server has been successfully started!
2023-10-04 21:24:29 DEBUG Server:26 - Waiting connection on port: 8084
2023-10-04 21:24:40 DEBUG Server:28 - New client connected to server!
2023-10-04 21:24:40 DEBUG Server:26 - Waiting connection on port: 8084
2023-10-04 21:31:51 DEBUG Server:24 - The server has been successfully started!
2023-10-04 21:31:51 DEBUG Server:26 - Waiting connection on port: 8084
2023-10-04 21:31:56 DEBUG Server:28 - New client connected to server!
2023-10-04 21:31:56 DEBUG Server:26 - Waiting connection on port: 8084
2023-10-04 21:35:11 DEBUG Server:28 - New client connected to server!
2023-10-04 21:35:11 DEBUG Server:26 - Waiting connection on port: 8084
2023-10-04 21:45:13 DEBUG Server:28 - New client connected to server!
2023-10-04 21:45:13 DEBUG Server:26 - Waiting connection on port: 8084
2023-10-04 21:47:04 DEBUG Server:28 - New client connected to server!
2023-10-04 21:47:04 DEBUG Server:26 - Waiting connection on port: 8084
2023-10-04 21:47:39 DEBUG Server:28 - New client connected to server!
2023-10-04 21:47:39 DEBUG Server:26 - Waiting connection on port: 8084
2023-10-04 22:57:51 DEBUG Server:44 - The server is closed.
2023-10-04 23:14:07 DEBUG Server:24 - The server has been successfully started!
2023-10-04 23:14:07 DEBUG Server:26 - Waiting connection on port: 8084
2023-10-04 23:14:11 DEBUG Server:28 - New client connected to server!
2023-10-04 23:14:11 DEBUG Server:26 - Waiting connection on port: 8084
2023-10-04 23:22:02 DEBUG Server:28 - New client connected to server!
2023-10-04 23:22:02 DEBUG Server:26 - Waiting connection on port: 8084
2023-10-04 23:23:09 DEBUG Server:28 - New client connected to server!
2023-10-04 23:23:09 DEBUG Server:26 - Waiting connection on port: 8084
2023-10-04 23:25:48 DEBUG Server:44 - The server is closed.
